[INFO  - 2016-10-13T03:22:29.309Z] GhostDriver - Main - running on port 44556
[INFO  - 2016-10-13T03:22:30.248Z] Session [46034c20-90f4-11e6-bca6-1d43cc3ebb3b] - page.settings - {"XSSAuditingEnabled":false,"javascriptCanCloseWindows":true,"javascriptCanOpenWindows":true,"javascriptEnabled":true,"loadImages":true,"localToRemoteUrlAccessEnabled":false,"userAgent":"Mozilla/5.0 (Unknown; Linux x86_64) AppleWebKit/538.1 (KHTML, like Gecko) PhantomJS/2.1.1 Safari/538.1","webSecurityEnabled":true}
[INFO  - 2016-10-13T03:22:30.248Z] Session [46034c20-90f4-11e6-bca6-1d43cc3ebb3b] - page.customHeaders:  - {}
[INFO  - 2016-10-13T03:22:30.248Z] Session [46034c20-90f4-11e6-bca6-1d43cc3ebb3b] - Session.negotiatedCapabilities - {"browserName":"phantomjs","version":"2.1.1","driverName":"ghostdriver","driverVersion":"1.2.0","platform":"linux-unknown-64bit","javascriptEnabled":true,"takesScreenshot":true,"handlesAlerts":false,"databaseEnabled":false,"locationContextEnabled":false,"applicationCacheEnabled":false,"browserConnectionEnabled":false,"cssSelectorsEnabled":true,"webStorageEnabled":false,"rotatable":false,"acceptSslCerts":false,"nativeEvents":true,"proxy":{"proxyType":"direct"}}
[INFO  - 2016-10-13T03:22:30.248Z] SessionManagerReqHand - _postNewSessionCommand - New Session Created: 46034c20-90f4-11e6-bca6-1d43cc3ebb3b
[ERROR - 2016-10-13T03:22:32.442Z] Session [46034c20-90f4-11e6-bca6-1d43cc3ebb3b] - page.onError - msg: ReferenceError: Can't find variable: ADFOR

  phantomjs://platform/console++.js:263 in error
[ERROR - 2016-10-13T03:22:32.442Z] Session [46034c20-90f4-11e6-bca6-1d43cc3ebb3b] - page.onError - stack:
  eval code (undefined:2)
  eval (:0)
  (anonymous function) (http://libs.baidu.com/jquery/1.8.3/jquery.min.js:2)
  globalEval (http://libs.baidu.com/jquery/1.8.3/jquery.min.js:2)
  (anonymous function) (http://libs.baidu.com/jquery/1.8.3/jquery.min.js:2)
  each (http://libs.baidu.com/jquery/1.8.3/jquery.min.js:2)
  domManip (http://libs.baidu.com/jquery/1.8.3/jquery.min.js:2)
  append (http://libs.baidu.com/jquery/1.8.3/jquery.min.js:2)
  (anonymous function) (http://libs.baidu.com/jquery/1.8.3/jquery.min.js:2)
  access (http://libs.baidu.com/jquery/1.8.3/jquery.min.js:2)
  html (http://libs.baidu.com/jquery/1.8.3/jquery.min.js:2)
  success (http://entry.baidu.com/rp/home?ifr=infr:1_cross:0_drs:1_pcs:400x300_pss:1000x3709_cfv:0_cpl:0_chi:1_cce:1_cec:UTF8_tlm:1476300151_ecd:1_adw:400x50&type=flowbar&fixed_tpl=2&di=u2527923&rsi0=auto&rsi1=50&n=1&title=%E3%80%90%E4%B8%8A%E6%B5%B7%E5%A4%A9%E6%B0%94%E3%80%91%E4%B8%8A%E6%B5%B7%E4%BB%8A%E5%A4%A9%E5%A4%A9%E6%B0%94%E9%A2%84%E6%8A%A5%2C%E4%BB%8A%E5%A4%A9%2C%E4%BB%8A%E5%A4%A9%E5%A4%A9%E6%B0%94%2C7%E5%A4%A9%2C15%E5%A4%A9%E5%A4%A9%E6%B0%94%E9%A2%84%E6%8A%A5%2C%E5%A4%A9%E6%B0%94%E9%A2%84%E6%8A%A5%E4%B8%80%E5%91%A8%2C%E5%A4%A9%E6%B0%94%E9%A2%84%E6%8A%A515%E5%A4%A9%E6%9F%A5%E8%AF%A2&ltu=http%3A%2F%2Fwww.weather.com.cn%2Fweather1d%2F101020100.shtml&ref=&pageWidth=400&pageHeight=300&t=1476328951650&rsi0=400&rsi1=50:1)
  l (http://libs.baidu.com/jquery/1.8.3/jquery.min.js:2)
  fireWith (http://libs.baidu.com/jquery/1.8.3/jquery.min.js:2)
  T (http://libs.baidu.com/jquery/1.8.3/jquery.min.js:2)
  r (http://libs.baidu.com/jquery/1.8.3/jquery.min.js:2)

  phantomjs://platform/console++.js:263 in error
